Copyright 1986-2022 Xilinx, Inc. All Rights Reserved.
------------------------------------------------------------------------------------------------------------
| Tool Version : Vivado v.2022.1 (win64) Build 3526262 Mon Apr 18 15:48:16 MDT 2022
| Date         : Sun Aug  7 17:53:26 2022
| Host         : DESKTOP-IDOIV85 running 64-bit major release  (build 9200)
| Command      : report_drc -file blinky_drc_routed.rpt -pb blinky_drc_routed.pb -rpx blinky_drc_routed.rpx
| Design       : blinky
| Device       : xc7s25csga324-1
| Speed File   : -1
| Design State : Fully Routed
------------------------------------------------------------------------------------------------------------

Report DRC

Table of Contents
-----------------
1. REPORT SUMMARY
2. REPORT DETAILS

1. REPORT SUMMARY
-----------------
            Netlist: netlist
          Floorplan: design_1
      Design limits: <entire design considered>
           Ruledeck: default
             Max violations: <unlimited>
             Violations found: 0
+------+----------+-------------+------------+
| Rule | Severity | Description | Violations |
+------+----------+-------------+------------+
+------+----------+-------------+------------+

2. REPORT DETAILS
-----------------

